CocoaPods 1.3.0.beta.2 is available.
To update use: `gem install cocoapods --pre`
[!] This is a test version we'd love you to try.
For more information, see https://blog.cocoapods.org and the CHANGELOG for this version at https://github.com/CocoaPods/CocoaPods/releases/tag/1.3.0.beta.2
Validating spec
 -> REST (0.2.2-18-g4390f75)
    - WARN  | source: Git sources should specify a tag.
    - WARN  | source: Git SSH URLs will NOT work for people behind firewalls configured to only allow HTTP, therefore HTTPS is preferred.
    - WARN  | url: The URL (https://github.com/myproject/myrepo) is not reachable.
Updating the `myproject' repo
Already up-to-date.
Adding the spec to the `myproject' repo
 - [Update] REST (0.2.2-18-g4390f75)
Validating spec
 -> JSONAPI (0.2.2-18-g4390f75)
    - WARN  | source: Git sources should specify a tag.
    - WARN  | source: Git SSH URLs will NOT work for people behind firewalls configured to only allow HTTP, therefore HTTPS is preferred.
    - WARN  | url: The URL (https://github.com/myproject/myrepo) is not reachable.
Updating the `myproject' repo
Already up-to-date.
Adding the spec to the `myproject' repo
 - [Update] JSONAPI (0.2.2-18-g4390f75)
Validating spec
 -> JSONAPIProvider (0.2.2-18-g4390f75)
    - WARN  | source: Git sources should specify a tag.
    - WARN  | source: Git SSH URLs will NOT work for people behind firewalls configured to only allow HTTP, therefore HTTPS is preferred.
    - WARN  | url: The URL (https://github.com/myproject/myrepo) is not reachable.
Updating the `myproject' repo
Already up-to-date.
Adding the spec to the `myproject' repo
 - [Update] JSONAPIProvider (0.2.2-18-g4390f75)
Validating spec
 -> AuthenticationProvider (0.2.2-18-g4390f75)
    - WARN  | source: Git sources should specify a tag.
    - WARN  | source: Git SSH URLs will NOT work for people behind firewalls configured to only allow HTTP, therefore HTTPS is preferred.
    - ERROR | xcodebuild:  AuthenticationProvider/Sources/AuthenticationProvider/Models/Permission.swift:85:62: error: cannot invoke 'get' with no arguments
    - WARN  | url: The URL (https://github.com/myproject/myrepo) is not reachable.
[!] The `AuthenticationProvider.podspec` specification does not validate.
[!] Found multiple specifications for `JSONAPI (0.2.0)`:
- /Users/travis/.cocoapods/repos/myproject/JSONAPI/0.2.0/JSONAPI.podspec
- /Users/travis/.cocoapods/repos/master/Specs/1/a/1/JSONAPI/0.2.0/JSONAPI.podspec.json
[!] Found multiple specifications for `JSONAPI (0.1.2)`:
- /Users/travis/.cocoapods/repos/myproject/JSONAPI/0.1.2/JSONAPI.podspec
- /Users/travis/.cocoapods/repos/master/Specs/1/a/1/JSONAPI/0.1.2/JSONAPI.podspec.json
[!] Found multiple specifications for `JSONAPI (0.1.1)`:
- /Users/travis/.cocoapods/repos/myproject/JSONAPI/0.1.1/JSONAPI.podspec
- /Users/travis/.cocoapods/repos/master/Specs/1/a/1/JSONAPI/0.1.1/JSONAPI.podspec.json
[!] Found multiple specifications for `JSONAPI (0.1.0)`:
- /Users/travis/.cocoapods/repos/myproject/JSONAPI/0.1.0/JSONAPI.podspec
- /Users/travis/.cocoapods/repos/master/Specs/1/a/1/JSONAPI/0.1.0/JSONAPI.podspec.json
[!] Found multiple specifications for `JSONAPI (0.2.0)`:
- /Users/travis/.cocoapods/repos/myproject/JSONAPI/0.2.0/JSONAPI.podspec
- /Users/travis/.cocoapods/repos/master/Specs/1/a/1/JSONAPI/0.2.0/JSONAPI.podspec.json
[!] Found multiple specifications for `JSONAPI (0.1.2)`:
- /Users/travis/.cocoapods/repos/myproject/JSONAPI/0.1.2/JSONAPI.podspec
- /Users/travis/.cocoapods/repos/master/Specs/1/a/1/JSONAPI/0.1.2/JSONAPI.podspec.json
[!] Found multiple specifications for `JSONAPI (0.1.1)`:
- /Users/travis/.cocoapods/repos/myproject/JSONAPI/0.1.1/JSONAPI.podspec
- /Users/travis/.cocoapods/repos/master/Specs/1/a/1/JSONAPI/0.1.1/JSONAPI.podspec.json
[!] Found multiple specifications for `JSONAPI (0.1.0)`:
- /Users/travis/.cocoapods/repos/myproject/JSONAPI/0.1.0/JSONAPI.podspec
- /Users/travis/.cocoapods/repos/master/Specs/1/a/1/JSONAPI/0.1.0/JSONAPI.podspec.json
[!] Found multiple specifications for `JSONAPI (0.2.0)`:
- /Users/travis/.cocoapods/repos/myproject/JSONAPI/0.2.0/JSONAPI.podspec
- /Users/travis/.cocoapods/repos/master/Specs/1/a/1/JSONAPI/0.2.0/JSONAPI.podspec.json
[!] Found multiple specifications for `JSONAPI (0.1.2)`:
- /Users/travis/.cocoapods/repos/myproject/JSONAPI/0.1.2/JSONAPI.podspec
- /Users/travis/.cocoapods/repos/master/Specs/1/a/1/JSONAPI/0.1.2/JSONAPI.podspec.json
[!] Found multiple specifications for `JSONAPI (0.1.1)`:
- /Users/travis/.cocoapods/repos/myproject/JSONAPI/0.1.1/JSONAPI.podspec
- /Users/travis/.cocoapods/repos/master/Specs/1/a/1/JSONAPI/0.1.1/JSONAPI.podspec.json
[!] Found multiple specifications for `JSONAPI (0.1.0)`:
- /Users/travis/.cocoapods/repos/myproject/JSONAPI/0.1.0/JSONAPI.podspec
- /Users/travis/.cocoapods/repos/master/Specs/1/a/1/JSONAPI/0.1.0/JSONAPI.podspec.json
[!] Found multiple specifications for `JSONAPI (0.2.0)`:
- /Users/travis/.cocoapods/repos/myproject/JSONAPI/0.2.0/JSONAPI.podspec
- /Users/travis/.cocoapods/repos/master/Specs/1/a/1/JSONAPI/0.2.0/JSONAPI.podspec.json
[!] Found multiple specifications for `JSONAPI (0.1.2)`:
- /Users/travis/.cocoapods/repos/myproject/JSONAPI/0.1.2/JSONAPI.podspec
- /Users/travis/.cocoapods/repos/master/Specs/1/a/1/JSONAPI/0.1.2/JSONAPI.podspec.json
[!] Found multiple specifications for `JSONAPI (0.1.1)`:
- /Users/travis/.cocoapods/repos/myproject/JSONAPI/0.1.1/JSONAPI.podspec
- /Users/travis/.cocoapods/repos/master/Specs/1/a/1/JSONAPI/0.1.1/JSONAPI.podspec.json
[!] Found multiple specifications for `JSONAPI (0.1.0)`:
- /Users/travis/.cocoapods/repos/myproject/JSONAPI/0.1.0/JSONAPI.podspec
- /Users/travis/.cocoapods/repos/master/Specs/1/a/1/JSONAPI/0.1.0/JSONAPI.podspec.json
Validating spec
 -> UserProvider (0.2.2-18-g4390f75)
    - WARN  | source: Git sources should specify a tag.
    - WARN  | source: Git SSH URLs will NOT work for people behind firewalls configured to only allow HTTP, therefore HTTPS is preferred.
    - WARN  | url: The URL (https://github.com/myproject/myrepo) is not reachable.
Updating the `myproject' repo
Already up-to-date.
Adding the spec to the `myproject' repo
 - [Update] UserProvider (0.2.2-18-g4390f75)
[!] Found multiple specifications for `JSONAPI (0.2.0)`:
- /Users/travis/.cocoapods/repos/myproject/JSONAPI/0.2.0/JSONAPI.podspec
- /Users/travis/.cocoapods/repos/master/Specs/1/a/1/JSONAPI/0.2.0/JSONAPI.podspec.json
[!] Found multiple specifications for `JSONAPI (0.1.2)`:
- /Users/travis/.cocoapods/repos/myproject/JSONAPI/0.1.2/JSONAPI.podspec
- /Users/travis/.cocoapods/repos/master/Specs/1/a/1/JSONAPI/0.1.2/JSONAPI.podspec.json
[!] Found multiple specifications for `JSONAPI (0.1.1)`:
- /Users/travis/.cocoapods/repos/myproject/JSONAPI/0.1.1/JSONAPI.podspec
- /Users/travis/.cocoapods/repos/master/Specs/1/a/1/JSONAPI/0.1.1/JSONAPI.podspec.json
[!] Found multiple specifications for `JSONAPI (0.1.0)`:
- /Users/travis/.cocoapods/repos/myproject/JSONAPI/0.1.0/JSONAPI.podspec
- /Users/travis/.cocoapods/repos/master/Specs/1/a/1/JSONAPI/0.1.0/JSONAPI.podspec.json
[!] Found multiple specifications for `JSONAPI (0.2.0)`:
- /Users/travis/.cocoapods/repos/myproject/JSONAPI/0.2.0/JSONAPI.podspec
- /Users/travis/.cocoapods/repos/master/Specs/1/a/1/JSONAPI/0.2.0/JSONAPI.podspec.json
[!] Found multiple specifications for `JSONAPI (0.1.2)`:
- /Users/travis/.cocoapods/repos/myproject/JSONAPI/0.1.2/JSONAPI.podspec
- /Users/travis/.cocoapods/repos/master/Specs/1/a/1/JSONAPI/0.1.2/JSONAPI.podspec.json
[!] Found multiple specifications for `JSONAPI (0.1.1)`:
- /Users/travis/.cocoapods/repos/myproject/JSONAPI/0.1.1/JSONAPI.podspec
- /Users/travis/.cocoapods/repos/master/Specs/1/a/1/JSONAPI/0.1.1/JSONAPI.podspec.json
[!] Found multiple specifications for `JSONAPI (0.1.0)`:
- /Users/travis/.cocoapods/repos/myproject/JSONAPI/0.1.0/JSONAPI.podspec
- /Users/travis/.cocoapods/repos/master/Specs/1/a/1/JSONAPI/0.1.0/JSONAPI.podspec.json
[!] Found multiple specifications for `JSONAPI (0.2.0)`:
- /Users/travis/.cocoapods/repos/myproject/JSONAPI/0.2.0/JSONAPI.podspec
- /Users/travis/.cocoapods/repos/master/Specs/1/a/1/JSONAPI/0.2.0/JSONAPI.podspec.json
[!] Found multiple specifications for `JSONAPI (0.1.2)`:
- /Users/travis/.cocoapods/repos/myproject/JSONAPI/0.1.2/JSONAPI.podspec
- /Users/travis/.cocoapods/repos/master/Specs/1/a/1/JSONAPI/0.1.2/JSONAPI.podspec.json
[!] Found multiple specifications for `JSONAPI (0.1.1)`:
- /Users/travis/.cocoapods/repos/myproject/JSONAPI/0.1.1/JSONAPI.podspec
- /Users/travis/.cocoapods/repos/master/Specs/1/a/1/JSONAPI/0.1.1/JSONAPI.podspec.json
[!] Found multiple specifications for `JSONAPI (0.1.0)`:
- /Users/travis/.cocoapods/repos/myproject/JSONAPI/0.1.0/JSONAPI.podspec
- /Users/travis/.cocoapods/repos/master/Specs/1/a/1/JSONAPI/0.1.0/JSONAPI.podspec.json
[!] Found multiple specifications for `JSONAPI (0.2.0)`:
- /Users/travis/.cocoapods/repos/myproject/JSONAPI/0.2.0/JSONAPI.podspec
- /Users/travis/.cocoapods/repos/master/Specs/1/a/1/JSONAPI/0.2.0/JSONAPI.podspec.json
[!] Found multiple specifications for `JSONAPI (0.1.2)`:
- /Users/travis/.cocoapods/repos/myproject/JSONAPI/0.1.2/JSONAPI.podspec
- /Users/travis/.cocoapods/repos/master/Specs/1/a/1/JSONAPI/0.1.2/JSONAPI.podspec.json
[!] Found multiple specifications for `JSONAPI (0.1.1)`:
- /Users/travis/.cocoapods/repos/myproject/JSONAPI/0.1.1/JSONAPI.podspec
- /Users/travis/.cocoapods/repos/master/Specs/1/a/1/JSONAPI/0.1.1/JSONAPI.podspec.json
[!] Found multiple specifications for `JSONAPI (0.1.0)`:
- /Users/travis/.cocoapods/repos/myproject/JSONAPI/0.1.0/JSONAPI.podspec
- /Users/travis/.cocoapods/repos/master/Specs/1/a/1/JSONAPI/0.1.0/JSONAPI.podspec.json
Validating spec
 -> Meikyo (0.2.2-18-g4390f75)
    - WARN  | source: Git sources should specify a tag.
    - WARN  | source: Git SSH URLs will NOT work for people behind firewalls configured to only allow HTTP, therefore HTTPS is preferred.
    - WARN  | url: The URL (https://github.com/myproject/myrepo) is not reachable.
Updating the `myproject' repo
Already up-to-date.
Adding the spec to the `myproject' repo
 - [Update] Meikyo (0.2.2-18-g4390f75)
[!] Found multiple specifications for `JSONAPI (0.2.0)`:
- /Users/travis/.cocoapods/repos/myproject/JSONAPI/0.2.0/JSONAPI.podspec
- /Users/travis/.cocoapods/repos/master/Specs/1/a/1/JSONAPI/0.2.0/JSONAPI.podspec.json
[!] Found multiple specifications for `JSONAPI (0.1.2)`:
- /Users/travis/.cocoapods/repos/myproject/JSONAPI/0.1.2/JSONAPI.podspec
- /Users/travis/.cocoapods/repos/master/Specs/1/a/1/JSONAPI/0.1.2/JSONAPI.podspec.json
[!] Found multiple specifications for `JSONAPI (0.1.1)`:
- /Users/travis/.cocoapods/repos/myproject/JSONAPI/0.1.1/JSONAPI.podspec
- /Users/travis/.cocoapods/repos/master/Specs/1/a/1/JSONAPI/0.1.1/JSONAPI.podspec.json
[!] Found multiple specifications for `JSONAPI (0.1.0)`:
- /Users/travis/.cocoapods/repos/myproject/JSONAPI/0.1.0/JSONAPI.podspec
- /Users/travis/.cocoapods/repos/master/Specs/1/a/1/JSONAPI/0.1.0/JSONAPI.podspec.json
[!] Found multiple specifications for `JSONAPI (0.2.0)`:
- /Users/travis/.cocoapods/repos/myproject/JSONAPI/0.2.0/JSONAPI.podspec
- /Users/travis/.cocoapods/repos/master/Specs/1/a/1/JSONAPI/0.2.0/JSONAPI.podspec.json
[!] Found multiple specifications for `JSONAPI (0.1.2)`:
- /Users/travis/.cocoapods/repos/myproject/JSONAPI/0.1.2/JSONAPI.podspec
- /Users/travis/.cocoapods/repos/master/Specs/1/a/1/JSONAPI/0.1.2/JSONAPI.podspec.json
[!] Found multiple specifications for `JSONAPI (0.1.1)`:
- /Users/travis/.cocoapods/repos/myproject/JSONAPI/0.1.1/JSONAPI.podspec
- /Users/travis/.cocoapods/repos/master/Specs/1/a/1/JSONAPI/0.1.1/JSONAPI.podspec.json
[!] Found multiple specifications for `JSONAPI (0.1.0)`:
- /Users/travis/.cocoapods/repos/myproject/JSONAPI/0.1.0/JSONAPI.podspec
- /Users/travis/.cocoapods/repos/master/Specs/1/a/1/JSONAPI/0.1.0/JSONAPI.podspec.json
[!] Found multiple specifications for `JSONAPI (0.2.0)`:
- /Users/travis/.cocoapods/repos/myproject/JSONAPI/0.2.0/JSONAPI.podspec
- /Users/travis/.cocoapods/repos/master/Specs/1/a/1/JSONAPI/0.2.0/JSONAPI.podspec.json
[!] Found multiple specifications for `JSONAPI (0.1.2)`:
- /Users/travis/.cocoapods/repos/myproject/JSONAPI/0.1.2/JSONAPI.podspec
- /Users/travis/.cocoapods/repos/master/Specs/1/a/1/JSONAPI/0.1.2/JSONAPI.podspec.json
[!] Found multiple specifications for `JSONAPI (0.1.1)`:
- /Users/travis/.cocoapods/repos/myproject/JSONAPI/0.1.1/JSONAPI.podspec
- /Users/travis/.cocoapods/repos/master/Specs/1/a/1/JSONAPI/0.1.1/JSONAPI.podspec.json
[!] Found multiple specifications for `JSONAPI (0.1.0)`:
- /Users/travis/.cocoapods/repos/myproject/JSONAPI/0.1.0/JSONAPI.podspec
- /Users/travis/.cocoapods/repos/master/Specs/1/a/1/JSONAPI/0.1.0/JSONAPI.podspec.json
[!] Found multiple specifications for `JSONAPI (0.2.0)`:
- /Users/travis/.cocoapods/repos/myproject/JSONAPI/0.2.0/JSONAPI.podspec
- /Users/travis/.cocoapods/repos/master/Specs/1/a/1/JSONAPI/0.2.0/JSONAPI.podspec.json
[!] Found multiple specifications for `JSONAPI (0.1.2)`:
- /Users/travis/.cocoapods/repos/myproject/JSONAPI/0.1.2/JSONAPI.podspec
- /Users/travis/.cocoapods/repos/master/Specs/1/a/1/JSONAPI/0.1.2/JSONAPI.podspec.json
[!] Found multiple specifications for `JSONAPI (0.1.1)`:
- /Users/travis/.cocoapods/repos/myproject/JSONAPI/0.1.1/JSONAPI.podspec
- /Users/travis/.cocoapods/repos/master/Specs/1/a/1/JSONAPI/0.1.1/JSONAPI.podspec.json
[!] Found multiple specifications for `JSONAPI (0.1.0)`:
- /Users/travis/.cocoapods/repos/myproject/JSONAPI/0.1.0/JSONAPI.podspec
- /Users/travis/.cocoapods/repos/master/Specs/1/a/1/JSONAPI/0.1.0/JSONAPI.podspec.json
